<?xml version="1.0" encoding="UTF-8"?>
<coverage generated="1647964080789" clover="3.2.0">
  <project timestamp="1647964080789" name="All files">
    <metrics statements="4" coveredstatements="4" conditionals="0" coveredconditionals="0" methods="1" coveredmethods="1" elements="5" coveredelements="5" complexity="0" loc="4" ncloc="4" packages="1" files="1" classes="1"/>
    <file name="Main.ts" path="/home/laroche5/ownCloud/Cours/r201_r203/r203/programmes/r203_jest/src/metier/Main.ts">
      <metrics statements="4" coveredstatements="4" conditionals="0" coveredconditionals="0" methods="1" coveredmethods="1"/>
      <line num="2" count="6" type="stmt"/>
      <line num="4" count="6" type="stmt"/>
      <line num="5" count="15" type="stmt"/>
      <line num="7" count="6" type="stmt"/>
    </file>
  </project>
</coverage>
