<?xml version="1.0" encoding="UTF-8"?>
<coverage generated="1681415248217" clover="3.2.0">
  <project timestamp="1681415248217" name="All files">
    <metrics statements="6" coveredstatements="6" conditionals="13" coveredconditionals="12" methods="1" coveredmethods="1" elements="20" coveredelements="19" complexity="0" loc="6" ncloc="6" packages="1" files="1" classes="1"/>
    <file name="Main-creeDate.ts" path="/Users/mohakk/Desktop/TypeScript/QualiteDeveloppement/src/Tests/src/metier/Main-creeDate.ts">
      <metrics statements="6" coveredstatements="6" conditionals="13" coveredconditionals="12" methods="1" coveredmethods="1"/>
      <line num="3" count="5" type="cond" truecount="1" falsecount="1"/>
      <line num="4" count="5" type="cond" truecount="6" falsecount="0"/>
      <line num="5" count="1" type="stmt"/>
      <line num="7" count="4" type="cond" truecount="5" falsecount="0"/>
      <line num="8" count="3" type="stmt"/>
      <line num="10" count="1" type="stmt"/>
    </file>
  </project>
</coverage>
