{"/Users/mohakk/Desktop/TypeScript/QualiteDeveloppement/src/Tests/src/metier/Portefeuille/monnaie.ts": {"path":"/Users/mohakk/Desktop/TypeScript/QualiteDeveloppement/src/Tests/src/metier/Portefeuille/monnaie.ts","statementMap":{"0":{"start":{"line":11,"column":4},"end":{"line":13,"column":5}},"1":{"start":{"line":12,"column":6},"end":{"line":12,"column":111}},"2":{"start":{"line":14,"column":4},"end":{"line":14,"column":25}},"3":{"start":{"line":15,"column":4},"end":{"line":15,"column":27}},"4":{"start":{"line":16,"column":4},"end":{"line":16,"column":41}},"5":{"start":{"line":20,"column":4},"end":{"line":20,"column":24}},"6":{"start":{"line":24,"column":4},"end":{"line":28,"column":5}},"7":{"start":{"line":25,"column":6},"end":{"line":25,"column":35}},"8":{"start":{"line":27,"column":6},"end":{"line":27,"column":60}},"9":{"start":{"line":32,"column":4},"end":{"line":36,"column":5}},"10":{"start":{"line":33,"column":6},"end":{"line":33,"column":30}},"11":{"start":{"line":35,"column":6},"end":{"line":35,"column":59}},"12":{"start":{"line":40,"column":4},"end":{"line":40,"column":25}},"13":{"start":{"line":44,"column":4},"end":{"line":48,"column":5}},"14":{"start":{"line":45,"column":6},"end":{"line":45,"column":44}},"15":{"start":{"line":47,"column":6},"end":{"line":47,"column":67}},"16":{"start":{"line":52,"column":4},"end":{"line":52,"column":32}},"17":{"start":{"line":56,"column":4},"end":{"line":56,"column":48}},"18":{"start":{"line":60,"column":4},"end":{"line":64,"column":5}},"19":{"start":{"line":61,"column":6},"end":{"line":61,"column":31}},"20":{"start":{"line":63,"column":6},"end":{"line":63,"column":66}},"21":{"start":{"line":68,"column":4},"end":{"line":76,"column":5}},"22":{"start":{"line":69,"column":6},"end":{"line":72,"column":7}},"23":{"start":{"line":70,"column":8},"end":{"line":70,"column":33}},"24":{"start":{"line":71,"column":8},"end":{"line":71,"column":35}},"25":{"start":{"line":73,"column":6},"end":{"line":73,"column":55}},"26":{"start":{"line":75,"column":6},"end":{"line":75,"column":69}},"27":{"start":{"line":80,"column":4},"end":{"line":85,"column":6}}},"fnMap":{"0":{"name":"(anonymous_0)","decl":{"start":{"line":6,"column":2},"end":{"line":6,"column":3}},"loc":{"start":{"line":10,"column":4},"end":{"line":17,"column":3}},"line":10},"1":{"name":"(anonymous_1)","decl":{"start":{"line":19,"column":2},"end":{"line":19,"column":3}},"loc":{"start":{"line":19,"column":23},"end":{"line":21,"column":3}},"line":19},"2":{"name":"(anonymous_2)","decl":{"start":{"line":23,"column":2},"end":{"line":23,"column":3}},"loc":{"start":{"line":23,"column":29},"end":{"line":29,"column":3}},"line":23},"3":{"name":"(anonymous_3)","decl":{"start":{"line":31,"column":2},"end":{"line":31,"column":3}},"loc":{"start":{"line":31,"column":31},"end":{"line":37,"column":3}},"line":31},"4":{"name":"(anonymous_4)","decl":{"start":{"line":39,"column":2},"end":{"line":39,"column":3}},"loc":{"start":{"line":39,"column":24},"end":{"line":41,"column":3}},"line":39},"5":{"name":"(anonymous_5)","decl":{"start":{"line":43,"column":2},"end":{"line":43,"column":3}},"loc":{"start":{"line":43,"column":45},"end":{"line":49,"column":3}},"line":43},"6":{"name":"(anonymous_6)","decl":{"start":{"line":51,"column":2},"end":{"line":51,"column":3}},"loc":{"start":{"line":51,"column":31},"end":{"line":53,"column":3}},"line":51},"7":{"name":"(anonymous_7)","decl":{"start":{"line":55,"column":2},"end":{"line":55,"column":3}},"loc":{"start":{"line":55,"column":29},"end":{"line":57,"column":3}},"line":55},"8":{"name":"(anonymous_8)","decl":{"start":{"line":59,"column":2},"end":{"line":59,"column":3}},"loc":{"start":{"line":59,"column":39},"end":{"line":65,"column":3}},"line":59},"9":{"name":"(anonymous_9)","decl":{"start":{"line":67,"column":2},"end":{"line":67,"column":3}},"loc":{"start":{"line":67,"column":45},"end":{"line":77,"column":3}},"line":67},"10":{"name":"(anonymous_10)","decl":{"start":{"line":79,"column":2},"end":{"line":79,"column":3}},"loc":{"start":{"line":79,"column":21},"end":{"line":86,"column":3}},"line":79}},"branchMap":{"0":{"loc":{"start":{"line":7,"column":4},"end":{"line":7,"column":26}},"type":"default-arg","locations":[{"start":{"line":7,"column":21},"end":{"line":7,"column":26}}],"line":7},"1":{"loc":{"start":{"line":8,"column":4},"end":{"line":8,"column":25}},"type":"default-arg","locations":[{"start":{"line":8,"column":22},"end":{"line":8,"column":25}}],"line":8},"2":{"loc":{"start":{"line":9,"column":4},"end":{"line":9,"column":30}},"type":"default-arg","locations":[{"start":{"line":9,"column":29},"end":{"line":9,"column":30}}],"line":9},"3":{"loc":{"start":{"line":11,"column":4},"end":{"line":13,"column":5}},"type":"if","locations":[{"start":{"line":11,"column":4},"end":{"line":13,"column":5}},{"start":{},"end":{}}],"line":11},"4":{"loc":{"start":{"line":11,"column":8},"end":{"line":11,"column":70}},"type":"binary-expr","locations":[{"start":{"line":11,"column":8},"end":{"line":11,"column":19}},{"start":{"line":11,"column":23},"end":{"line":11,"column":41}},{"start":{"line":11,"column":45},"end":{"line":11,"column":70}}],"line":11},"5":{"loc":{"start":{"line":24,"column":4},"end":{"line":28,"column":5}},"type":"if","locations":[{"start":{"line":24,"column":4},"end":{"line":28,"column":5}},{"start":{"line":26,"column":11},"end":{"line":28,"column":5}}],"line":24},"6":{"loc":{"start":{"line":32,"column":4},"end":{"line":36,"column":5}},"type":"if","locations":[{"start":{"line":32,"column":4},"end":{"line":36,"column":5}},{"start":{"line":34,"column":11},"end":{"line":36,"column":5}}],"line":32},"7":{"loc":{"start":{"line":44,"column":4},"end":{"line":48,"column":5}},"type":"if","locations":[{"start":{"line":44,"column":4},"end":{"line":48,"column":5}},{"start":{"line":46,"column":11},"end":{"line":48,"column":5}}],"line":44},"8":{"loc":{"start":{"line":60,"column":4},"end":{"line":64,"column":5}},"type":"if","locations":[{"start":{"line":60,"column":4},"end":{"line":64,"column":5}},{"start":{"line":62,"column":11},"end":{"line":64,"column":5}}],"line":60},"9":{"loc":{"start":{"line":68,"column":4},"end":{"line":76,"column":5}},"type":"if","locations":[{"start":{"line":68,"column":4},"end":{"line":76,"column":5}},{"start":{"line":74,"column":11},"end":{"line":76,"column":5}}],"line":68},"10":{"loc":{"start":{"line":69,"column":6},"end":{"line":72,"column":7}},"type":"if","locations":[{"start":{"line":69,"column":6},"end":{"line":72,"column":7}},{"start":{},"end":{}}],"line":69},"11":{"loc":{"start":{"line":84,"column":7},"end":{"line":84,"column":79}},"type":"cond-expr","locations":[{"start":{"line":84,"column":32},"end":{"line":84,"column":74}},{"start":{"line":84,"column":77},"end":{"line":84,"column":79}}],"line":84}},"s":{"0":9,"1":0,"2":9,"3":9,"4":9,"5":11,"6":9,"7":9,"8":0,"9":9,"10":9,"11":0,"12":2,"13":9,"14":9,"15":0,"16":0,"17":0,"18":1,"19":1,"20":0,"21":1,"22":1,"23":1,"24":1,"25":0,"26":0,"27":0},"f":{"0":9,"1":11,"2":9,"3":9,"4":2,"5":9,"6":0,"7":0,"8":1,"9":1,"10":0},"b":{"0":[0],"1":[0],"2":[0],"3":[0,9],"4":[9,9,9],"5":[9,0],"6":[9,0],"7":[9,0],"8":[1,0],"9":[1,0],"10":[1,0],"11":[0,0]},"_coverageSchema":"1a1c01bbd47fc00a2c39e90264f33305004495a9","hash":"148f082329f4a48fc3b4d88b67fbfb7331b951ea"}
,"/Users/mohakk/Desktop/TypeScript/QualiteDeveloppement/src/Tests/src/metier/Portefeuille/portefeuille.ts": {"path":"/Users/mohakk/Desktop/TypeScript/QualiteDeveloppement/src/Tests/src/metier/Portefeuille/portefeuille.ts","statementMap":{"0":{"start":{"line":7,"column":4},"end":{"line":7,"column":20}},"1":{"start":{"line":11,"column":4},"end":{"line":11,"column":23}},"2":{"start":{"line":15,"column":4},"end":{"line":15,"column":23}},"3":{"start":{"line":19,"column":4},"end":{"line":23,"column":5}},"4":{"start":{"line":19,"column":25},"end":{"line":19,"column":26}},"5":{"start":{"line":20,"column":6},"end":{"line":22,"column":7}},"6":{"start":{"line":21,"column":8},"end":{"line":21,"column":17}},"7":{"start":{"line":24,"column":4},"end":{"line":24,"column":14}},"8":{"start":{"line":28,"column":4},"end":{"line":28,"column":46}},"9":{"start":{"line":32,"column":21},"end":{"line":32,"column":56}},"10":{"start":{"line":33,"column":4},"end":{"line":37,"column":5}},"11":{"start":{"line":34,"column":6},"end":{"line":34,"column":32}},"12":{"start":{"line":36,"column":6},"end":{"line":36,"column":59}},"13":{"start":{"line":41,"column":21},"end":{"line":41,"column":56}},"14":{"start":{"line":42,"column":4},"end":{"line":51,"column":5}},"15":{"start":{"line":43,"column":6},"end":{"line":43,"column":74}},"16":{"start":{"line":45,"column":32},"end":{"line":47,"column":7}},"17":{"start":{"line":48,"column":6},"end":{"line":50,"column":7}},"18":{"start":{"line":49,"column":8},"end":{"line":49,"column":40}},"19":{"start":{"line":55,"column":24},"end":{"line":55,"column":25}},"20":{"start":{"line":56,"column":4},"end":{"line":58,"column":7}},"21":{"start":{"line":57,"column":6},"end":{"line":57,"column":40}},"22":{"start":{"line":59,"column":4},"end":{"line":59,"column":17}},"23":{"start":{"line":63,"column":4},"end":{"line":65,"column":5}},"24":{"start":{"line":64,"column":6},"end":{"line":64,"column":36}},"25":{"start":{"line":66,"column":26},"end":{"line":66,"column":28}},"26":{"start":{"line":67,"column":4},"end":{"line":69,"column":7}},"27":{"start":{"line":68,"column":6},"end":{"line":68,"column":42}},"28":{"start":{"line":71,"column":4},"end":{"line":71,"column":61}},"29":{"start":{"line":72,"column":4},"end":{"line":72,"column":19}}},"fnMap":{"0":{"name":"(anonymous_0)","decl":{"start":{"line":6,"column":2},"end":{"line":6,"column":3}},"loc":{"start":{"line":6,"column":16},"end":{"line":8,"column":3}},"line":6},"1":{"name":"(anonymous_1)","decl":{"start":{"line":10,"column":2},"end":{"line":10,"column":3}},"loc":{"start":{"line":10,"column":29},"end":{"line":12,"column":3}},"line":10},"2":{"name":"(anonymous_2)","decl":{"start":{"line":14,"column":2},"end":{"line":14,"column":3}},"loc":{"start":{"line":14,"column":25},"end":{"line":16,"column":3}},"line":14},"3":{"name":"(anonymous_3)","decl":{"start":{"line":18,"column":2},"end":{"line":18,"column":3}},"loc":{"start":{"line":18,"column":41},"end":{"line":25,"column":3}},"line":18},"4":{"name":"(anonymous_4)","decl":{"start":{"line":27,"column":2},"end":{"line":27,"column":3}},"loc":{"start":{"line":27,"column":46},"end":{"line":29,"column":3}},"line":27},"5":{"name":"(anonymous_5)","decl":{"start":{"line":31,"column":2},"end":{"line":31,"column":3}},"loc":{"start":{"line":31,"column":40},"end":{"line":38,"column":3}},"line":31},"6":{"name":"(anonymous_6)","decl":{"start":{"line":40,"column":2},"end":{"line":40,"column":3}},"loc":{"start":{"line":40,"column":43},"end":{"line":52,"column":3}},"line":40},"7":{"name":"(anonymous_7)","decl":{"start":{"line":54,"column":2},"end":{"line":54,"column":3}},"loc":{"start":{"line":54,"column":21},"end":{"line":60,"column":3}},"line":54},"8":{"name":"(anonymous_8)","decl":{"start":{"line":56,"column":24},"end":{"line":56,"column":25}},"loc":{"start":{"line":56,"column":44},"end":{"line":58,"column":5}},"line":56},"9":{"name":"(anonymous_9)","decl":{"start":{"line":62,"column":2},"end":{"line":62,"column":3}},"loc":{"start":{"line":62,"column":21},"end":{"line":73,"column":3}},"line":62},"10":{"name":"(anonymous_10)","decl":{"start":{"line":67,"column":24},"end":{"line":67,"column":25}},"loc":{"start":{"line":67,"column":44},"end":{"line":69,"column":5}},"line":67}},"branchMap":{"0":{"loc":{"start":{"line":20,"column":6},"end":{"line":22,"column":7}},"type":"if","locations":[{"start":{"line":20,"column":6},"end":{"line":22,"column":7}},{"start":{},"end":{}}],"line":20},"1":{"loc":{"start":{"line":33,"column":4},"end":{"line":37,"column":5}},"type":"if","locations":[{"start":{"line":33,"column":4},"end":{"line":37,"column":5}},{"start":{"line":35,"column":11},"end":{"line":37,"column":5}}],"line":33},"2":{"loc":{"start":{"line":42,"column":4},"end":{"line":51,"column":5}},"type":"if","locations":[{"start":{"line":42,"column":4},"end":{"line":51,"column":5}},{"start":{"line":44,"column":11},"end":{"line":51,"column":5}}],"line":42},"3":{"loc":{"start":{"line":48,"column":6},"end":{"line":50,"column":7}},"type":"if","locations":[{"start":{"line":48,"column":6},"end":{"line":50,"column":7}},{"start":{},"end":{}}],"line":48},"4":{"loc":{"start":{"line":63,"column":4},"end":{"line":65,"column":5}},"type":"if","locations":[{"start":{"line":63,"column":4},"end":{"line":65,"column":5}},{"start":{},"end":{}}],"line":63}},"s":{"0":9,"1":13,"2":5,"3":9,"4":9,"5":5,"6":4,"7":5,"8":1,"9":4,"10":4,"11":3,"12":1,"13":2,"14":2,"15":1,"16":1,"17":1,"18":1,"19":0,"20":0,"21":0,"22":0,"23":0,"24":0,"25":0,"26":0,"27":0,"28":0,"29":0},"f":{"0":9,"1":13,"2":5,"3":9,"4":1,"5":4,"6":2,"7":0,"8":0,"9":0,"10":0},"b":{"0":[4,1],"1":[3,1],"2":[1,1],"3":[1,0],"4":[0,0]},"_coverageSchema":"1a1c01bbd47fc00a2c39e90264f33305004495a9","hash":"061ba911ac78915f9962274c7e18c210ede6d48d"}
}
