{"/Users/mohakk/Desktop/TypeScript/QualiteDeveloppement/src/Tests/src/metier/ex3/Point.ts": {"path":"/Users/mohakk/Desktop/TypeScript/QualiteDeveloppement/src/Tests/src/metier/ex3/Point.ts","statementMap":{"0":{"start":{"line":2,"column":17},"end":{"line":2,"column":18}},"1":{"start":{"line":3,"column":17},"end":{"line":3,"column":18}},"2":{"start":{"line":6,"column":4},"end":{"line":6,"column":20}},"3":{"start":{"line":7,"column":4},"end":{"line":7,"column":20}},"4":{"start":{"line":11,"column":4},"end":{"line":11,"column":21}},"5":{"start":{"line":14,"column":4},"end":{"line":14,"column":23}},"6":{"start":{"line":18,"column":4},"end":{"line":18,"column":21}},"7":{"start":{"line":21,"column":4},"end":{"line":21,"column":23}},"8":{"start":{"line":25,"column":4},"end":{"line":25,"column":52}},"9":{"start":{"line":29,"column":4},"end":{"line":29,"column":22}},"10":{"start":{"line":30,"column":4},"end":{"line":30,"column":22}},"11":{"start":{"line":34,"column":4},"end":{"line":34,"column":61}},"12":{"start":{"line":38,"column":4},"end":{"line":38,"column":23}},"13":{"start":{"line":42,"column":4},"end":{"line":42,"column":56}}},"fnMap":{"0":{"name":"(anonymous_0)","decl":{"start":{"line":5,"column":2},"end":{"line":5,"column":3}},"loc":{"start":{"line":5,"column":32},"end":{"line":8,"column":3}},"line":5},"1":{"name":"(anonymous_1)","decl":{"start":{"line":10,"column":2},"end":{"line":10,"column":3}},"loc":{"start":{"line":10,"column":20},"end":{"line":12,"column":3}},"line":10},"2":{"name":"(anonymous_2)","decl":{"start":{"line":13,"column":2},"end":{"line":13,"column":3}},"loc":{"start":{"line":13,"column":18},"end":{"line":15,"column":3}},"line":13},"3":{"name":"(anonymous_3)","decl":{"start":{"line":17,"column":2},"end":{"line":17,"column":3}},"loc":{"start":{"line":17,"column":20},"end":{"line":19,"column":3}},"line":17},"4":{"name":"(anonymous_4)","decl":{"start":{"line":20,"column":2},"end":{"line":20,"column":3}},"loc":{"start":{"line":20,"column":18},"end":{"line":22,"column":3}},"line":20},"5":{"name":"(anonymous_5)","decl":{"start":{"line":24,"column":2},"end":{"line":24,"column":3}},"loc":{"start":{"line":24,"column":21},"end":{"line":26,"column":3}},"line":24},"6":{"name":"(anonymous_6)","decl":{"start":{"line":28,"column":2},"end":{"line":28,"column":3}},"loc":{"start":{"line":28,"column":44},"end":{"line":31,"column":3}},"line":28},"7":{"name":"(anonymous_7)","decl":{"start":{"line":33,"column":2},"end":{"line":33,"column":3}},"loc":{"start":{"line":33,"column":25},"end":{"line":35,"column":3}},"line":33},"8":{"name":"(anonymous_8)","decl":{"start":{"line":37,"column":2},"end":{"line":37,"column":3}},"loc":{"start":{"line":37,"column":52},"end":{"line":39,"column":3}},"line":37},"9":{"name":"(anonymous_9)","decl":{"start":{"line":41,"column":2},"end":{"line":41,"column":3}},"loc":{"start":{"line":41,"column":26},"end":{"line":43,"column":3}},"line":41}},"branchMap":{"0":{"loc":{"start":{"line":5,"column":14},"end":{"line":5,"column":21}},"type":"default-arg","locations":[{"start":{"line":5,"column":20},"end":{"line":5,"column":21}}],"line":5},"1":{"loc":{"start":{"line":5,"column":23},"end":{"line":5,"column":30}},"type":"default-arg","locations":[{"start":{"line":5,"column":29},"end":{"line":5,"column":30}}],"line":5},"2":{"loc":{"start":{"line":42,"column":11},"end":{"line":42,"column":55}},"type":"binary-expr","locations":[{"start":{"line":42,"column":11},"end":{"line":42,"column":31}},{"start":{"line":42,"column":35},"end":{"line":42,"column":55}}],"line":42}},"s":{"0":17,"1":17,"2":17,"3":17,"4":6,"5":1,"6":6,"7":1,"8":1,"9":1,"10":1,"11":1,"12":2,"13":4},"f":{"0":17,"1":6,"2":1,"3":6,"4":1,"5":1,"6":1,"7":1,"8":2,"9":4},"b":{"0":[1],"1":[1],"2":[4,2]},"_coverageSchema":"1a1c01bbd47fc00a2c39e90264f33305004495a9","hash":"850a6579e5c514a61913987f8fc61a5733aae133"}
}
