TN:
SF:src/metier/Portefeuille/monnaie.ts
FN:6,(anonymous_0)
FN:19,(anonymous_1)
FN:23,(anonymous_2)
FN:31,(anonymous_3)
FN:39,(anonymous_4)
FN:43,(anonymous_5)
FN:51,(anonymous_6)
FN:55,(anonymous_7)
FN:59,(anonymous_8)
FN:67,(anonymous_9)
FN:79,(anonymous_10)
FNF:11
FNH:8
FNDA:9,(anonymous_0)
FNDA:11,(anonymous_1)
FNDA:9,(anonymous_2)
FNDA:9,(anonymous_3)
FNDA:2,(anonymous_4)
FNDA:9,(anonymous_5)
FNDA:0,(anonymous_6)
FNDA:0,(anonymous_7)
FNDA:1,(anonymous_8)
FNDA:1,(anonymous_9)
FNDA:0,(anonymous_10)
DA:11,9
DA:12,0
DA:14,9
DA:15,9
DA:16,9
DA:20,11
DA:24,9
DA:25,9
DA:27,0
DA:32,9
DA:33,9
DA:35,0
DA:40,2
DA:44,9
DA:45,9
DA:47,0
DA:52,0
DA:56,0
DA:60,1
DA:61,1
DA:63,0
DA:68,1
DA:69,1
DA:70,1
DA:71,1
DA:73,0
DA:75,0
DA:80,0
LF:28
LH:18
BRDA:7,0,0,0
BRDA:8,1,0,0
BRDA:9,2,0,0
BRDA:11,3,0,0
BRDA:11,3,1,9
BRDA:11,4,0,9
BRDA:11,4,1,9
BRDA:11,4,2,9
BRDA:24,5,0,9
BRDA:24,5,1,0
BRDA:32,6,0,9
BRDA:32,6,1,0
BRDA:44,7,0,9
BRDA:44,7,1,0
BRDA:60,8,0,1
BRDA:60,8,1,0
BRDA:68,9,0,1
BRDA:68,9,1,0
BRDA:69,10,0,1
BRDA:69,10,1,0
BRDA:84,11,0,0
BRDA:84,11,1,0
BRF:22
BRH:10
end_of_record
TN:
SF:src/metier/Portefeuille/portefeuille.ts
FN:6,(anonymous_0)
FN:10,(anonymous_1)
FN:14,(anonymous_2)
FN:18,(anonymous_3)
FN:27,(anonymous_4)
FN:31,(anonymous_5)
FN:40,(anonymous_6)
FN:54,(anonymous_7)
FN:56,(anonymous_8)
FN:62,(anonymous_9)
FN:67,(anonymous_10)
FNF:11
FNH:7
FNDA:9,(anonymous_0)
FNDA:13,(anonymous_1)
FNDA:5,(anonymous_2)
FNDA:9,(anonymous_3)
FNDA:1,(anonymous_4)
FNDA:4,(anonymous_5)
FNDA:2,(anonymous_6)
FNDA:0,(anonymous_7)
FNDA:0,(anonymous_8)
FNDA:0,(anonymous_9)
FNDA:0,(anonymous_10)
DA:7,9
DA:11,13
DA:15,5
DA:19,9
DA:20,5
DA:21,4
DA:24,5
DA:28,1
DA:32,4
DA:33,4
DA:34,3
DA:36,1
DA:41,2
DA:42,2
DA:43,1
DA:45,1
DA:48,1
DA:49,1
DA:55,0
DA:56,0
DA:57,0
DA:59,0
DA:63,0
DA:64,0
DA:66,0
DA:67,0
DA:68,0
DA:71,0
DA:72,0
LF:29
LH:18
BRDA:20,0,0,4
BRDA:20,0,1,1
BRDA:33,1,0,3
BRDA:33,1,1,1
BRDA:42,2,0,1
BRDA:42,2,1,1
BRDA:48,3,0,1
BRDA:48,3,1,0
BRDA:63,4,0,0
BRDA:63,4,1,0
BRF:10
BRH:7
end_of_record
