TN:
SF:src/metier/ex3/Point.ts
FN:5,(anonymous_0)
FN:10,(anonymous_1)
FN:13,(anonymous_2)
FN:17,(anonymous_3)
FN:20,(anonymous_4)
FN:24,(anonymous_5)
FN:28,(anonymous_6)
FN:33,(anonymous_7)
FN:37,(anonymous_8)
FN:41,(anonymous_9)
FNF:10
FNH:10
FNDA:17,(anonymous_0)
FNDA:6,(anonymous_1)
FNDA:1,(anonymous_2)
FNDA:6,(anonymous_3)
FNDA:1,(anonymous_4)
FNDA:1,(anonymous_5)
FNDA:1,(anonymous_6)
FNDA:1,(anonymous_7)
FNDA:2,(anonymous_8)
FNDA:4,(anonymous_9)
DA:2,17
DA:3,17
DA:6,17
DA:7,17
DA:11,6
DA:14,1
DA:18,6
DA:21,1
DA:25,1
DA:29,1
DA:30,1
DA:34,1
DA:38,2
DA:42,4
LF:14
LH:14
BRDA:5,0,0,1
BRDA:5,1,0,1
BRDA:42,2,0,4
BRDA:42,2,1,2
BRF:4
BRH:4
end_of_record
